<?xml version="1.0" encoding="UTF-8"?>
<!-- Generated by org.testng.reporters.JUnitReportReporter -->
<testsuite hostname="LAPTOP-3V479FCO" failures="0" tests="3" name="com.program.Trail" time="13.043" errors="0" timestamp="2023-07-03T20:22:22 IST" skipped="0">
  <testcase classname="com.program.Trail" name="test2" time="3.971"/>
  <system-out/>
  <testcase classname="com.program.Trail" name="test1" time="6.584"/>
  <system-out/>
  <testcase classname="com.program.Trail" name="test3" time="2.488"/>
  <system-out/>
</testsuite> <!-- com.program.Trail -->
