<?xml version="1.0" encoding="UTF-8"?>
<!-- Generated by org.testng.reporters.JUnitReportReporter -->
<testsuite hostname="LAPTOP-3V479FCO" failures="0" tests="3" name="com.program.Trail" time="17.633" errors="0" timestamp="2023-07-04T17:41:54 IST" skipped="0">
  <testcase classname="com.program.Trail" name="test1" time="7.725"/>
  <system-out/>
  <testcase classname="com.program.Trail" name="test2" time="5.018"/>
  <system-out/>
  <testcase classname="com.program.Trail" name="test3" time="4.890"/>
  <system-out/>
</testsuite> <!-- com.program.Trail -->
