<?xml version="1.0" encoding="UTF-8"?>
<!-- Generated by org.testng.reporters.JUnitReportReporter -->
<testsuite hostname="LAPTOP-3V479FCO" failures="0" tests="3" name="com.program.Trail" time="25.923" errors="0" timestamp="2023-07-04T19:33:14 IST" skipped="0">
  <testcase classname="com.program.Trail" name="test3" time="7.640"/>
  <system-out/>
  <testcase classname="com.program.Trail" name="test1" time="13.377"/>
  <system-out/>
  <testcase classname="com.program.Trail" name="test2" time="4.906"/>
  <system-out/>
</testsuite> <!-- com.program.Trail -->
